<?xml version="1.0" encoding="UTF-8"?>
<testsuite name="E2E" tests="5" errors="0" failures="5" skipped="0" time="52.893" timestamp="2025-09-17T16:18:44.030288">
<testsuite name="Full Workflow" tests="5" errors="0" failures="5" skipped="0" time="52.837" timestamp="2025-09-17T16:18:44.085160">
<testcase classname="E2E.Full Workflow" name="Test Complete User Journey" time="10.569">
<failure message="Link with locator 'REGISTER' not found." type="AssertionError"/>
</testcase>
<testcase classname="E2E.Full Workflow" name="Test Multi-Session Real-Time Sync" time="10.274">
<failure message="Link with locator 'REGISTER' not found." type="AssertionError"/>
</testcase>
<testcase classname="E2E.Full Workflow" name="Test Data Validation Across Layers" time="10.399">
<failure message="Link with locator 'REGISTER' not found." type="AssertionError"/>
</testcase>
<testcase classname="E2E.Full Workflow" name="Test Performance Under Load" time="10.442">
<failure message="Link with locator 'REGISTER' not found." type="AssertionError"/>
</testcase>
<testcase classname="E2E.Full Workflow" name="Test Error Recovery" time="10.324">
<failure message="Link with locator 'LOGIN' not found." type="AssertionError"/>
</testcase>
<properties>
<property name="Documentation" value="End-to-End Tests for Complete User Workflows"/>
</properties>
</testsuite>
</testsuite>
